Library/Bee/Android/Prj/Mono2x/Gradle/launcher/build/intermediates/manifest_merge_blame_file/release/manifest-merger-blame-release-report.txt
1<?xml version="1.0" encoding="utf-8"?>
2<manifest xmlns:android="http://schemas.android.com/apk/res/android"
3    package="com.DefaultCompany.electronica"
4    android:installLocation="preferExternal"
5    android:versionCode="1"
6    android:versionName="0.1" >
7
8    <uses-sdk
9        android:minSdkVersion="22"
9-->src\main\AndroidManifest.xml
10        android:targetSdkVersion="32" />
10-->src\main\AndroidManifest.xml
11
12    <supports-screens
12-->src\main\AndroidManifest.xml:4:3-163
13        android:anyDensity="true"
13-->src\main\AndroidManifest.xml:4:135-160
14        android:largeScreens="true"
14-->src\main\AndroidManifest.xml:4:78-105
15        android:normalScreens="true"
15-->src\main\AndroidManifest.xml:4:49-77
16        android:smallScreens="true"
16-->src\main\AndroidManifest.xml:4:21-48
17        android:xlargeScreens="true" />
17-->src\main\AndroidManifest.xml:4:106-134
18
19    <uses-permission android:name="android.permission.CAMERA" />
19-->[:unityLibrary] AndroidManifest.xml:12:5-65
19-->[:unityLibrary] AndroidManifest.xml:12:22-62
20    <uses-permission android:name="android.permission.WRITE_EXTERNAL_STORAGE" />
20-->[:unityLibrary] AndroidManifest.xml:13:5-81
20-->[:unityLibrary] AndroidManifest.xml:13:22-78
21    <uses-permission android:name="android.permission.INTERNET" />
21-->[:unityLibrary] AndroidManifest.xml:14:5-67
21-->[:unityLibrary] AndroidManifest.xml:14:22-64
22    <uses-permission android:name="android.permission.ACCESS_NETWORK_STATE" />
22-->[:unityLibrary] AndroidManifest.xml:15:5-79
22-->[:unityLibrary] AndroidManifest.xml:15:22-76
23    <uses-permission android:name="android.permission.ACCESS_WIFI_STATE" />
23-->[:unityLibrary] AndroidManifest.xml:16:5-76
23-->[:unityLibrary] AndroidManifest.xml:16:22-73
24    <uses-permission android:name="android.permission.RECORD_AUDIO" />
24-->[:unityLibrary] AndroidManifest.xml:17:5-71
24-->[:unityLibrary] AndroidManifest.xml:17:22-68
25
26    <uses-feature android:glEsVersion="0x00030000" />
26-->[:unityLibrary] AndroidManifest.xml:19:5-54
26-->[:unityLibrary] AndroidManifest.xml:19:19-51
27    <uses-feature
27-->[:unityLibrary] AndroidManifest.xml:20:5-22:36
28        android:name="android.hardware.touchscreen"
28-->[:unityLibrary] AndroidManifest.xml:21:9-52
29        android:required="false" />
29-->[:unityLibrary] AndroidManifest.xml:22:9-33
30    <uses-feature
30-->[:unityLibrary] AndroidManifest.xml:23:5-25:36
31        android:name="android.hardware.touchscreen.multitouch"
31-->[:unityLibrary] AndroidManifest.xml:24:9-63
32        android:required="false" />
32-->[:unityLibrary] AndroidManifest.xml:25:9-33
33    <uses-feature
33-->[:unityLibrary] AndroidManifest.xml:26:5-28:36
34        android:name="android.hardware.touchscreen.multitouch.distinct"
34-->[:unityLibrary] AndroidManifest.xml:27:9-72
35        android:required="false" />
35-->[:unityLibrary] AndroidManifest.xml:28:9-33
36
37    <application
37-->src\main\AndroidManifest.xml:3:3-83
38        android:debuggable="true"
38-->[:unityLibrary] AndroidManifest.xml:38:9-34
39        android:extractNativeLibs="true"
39-->[:unityLibrary] AndroidManifest.xml:39:9-41
40        android:icon="@mipmap/app_icon"
40-->src\main\AndroidManifest.xml:3:49-80
41        android:label="@string/app_name"
41-->src\main\AndroidManifest.xml:3:16-48
42        android:usesCleartextTraffic="true" >
42-->[:unityLibrary] AndroidManifest.xml:42:9-44
43        <meta-data
43-->[:unityLibrary] AndroidManifest.xml:43:9-45:36
44            android:name="unityplayer.SkipPermissionsDialog"
44-->[:unityLibrary] AndroidManifest.xml:44:13-61
45            android:value="true" />
45-->[:unityLibrary] AndroidManifest.xml:45:13-33
46        <meta-data
46-->[:unityLibrary] AndroidManifest.xml:46:9-48:35
47            android:name="android.max_aspect"
47-->[:unityLibrary] AndroidManifest.xml:47:13-46
48            android:value="2.1" />
48-->[:unityLibrary] AndroidManifest.xml:48:13-32
49        <meta-data
49-->[:unityLibrary] AndroidManifest.xml:49:9-51:33
50            android:name="unity.splash-mode"
50-->[:unityLibrary] AndroidManifest.xml:50:13-45
51            android:value="0" />
51-->[:unityLibrary] AndroidManifest.xml:51:13-30
52        <meta-data
52-->[:unityLibrary] AndroidManifest.xml:52:9-54:36
53            android:name="unity.splash-enable"
53-->[:unityLibrary] AndroidManifest.xml:53:13-47
54            android:value="True" />
54-->[:unityLibrary] AndroidManifest.xml:54:13-33
55        <meta-data
55-->[:unityLibrary] AndroidManifest.xml:55:9-57:36
56            android:name="unity.launch-fullscreen"
56-->[:unityLibrary] AndroidManifest.xml:56:13-51
57            android:value="True" />
57-->[:unityLibrary] AndroidManifest.xml:57:13-33
58        <meta-data
58-->[:unityLibrary] AndroidManifest.xml:58:9-60:37
59            android:name="unity.allow-resizable-window"
59-->[:unityLibrary] AndroidManifest.xml:59:13-56
60            android:value="False" />
60-->[:unityLibrary] AndroidManifest.xml:60:13-34
61        <meta-data
61-->[:unityLibrary] AndroidManifest.xml:61:9-63:50
62            android:name="notch.config"
62-->[:unityLibrary] AndroidManifest.xml:62:13-40
63            android:value="portrait|landscape" />
63-->[:unityLibrary] AndroidManifest.xml:63:13-47
64        <meta-data
64-->[:unityLibrary] AndroidManifest.xml:64:9-66:36
65            android:name="unity.auto-report-fully-drawn"
65-->[:unityLibrary] AndroidManifest.xml:65:13-57
66            android:value="true" />
66-->[:unityLibrary] AndroidManifest.xml:66:13-33
67
68        <activity
68-->[:unityLibrary] AndroidManifest.xml:68:9-86:20
69            android:name="com.unity3d.player.UnityPlayerActivity"
69-->[:unityLibrary] AndroidManifest.xml:69:13-66
70            android:configChanges="mcc|mnc|locale|touchscreen|keyboard|keyboardHidden|navigation|orientation|screenLayout|uiMode|screenSize|smallestScreenSize|fontScale|layoutDirection|density"
70-->[:unityLibrary] AndroidManifest.xml:70:13-194
71            android:exported="true"
71-->[:unityLibrary] AndroidManifest.xml:71:13-36
72            android:hardwareAccelerated="false"
72-->[:unityLibrary] AndroidManifest.xml:72:13-48
73            android:label="@string/app_name"
73-->[:unityLibrary] AndroidManifest.xml:73:13-45
74            android:launchMode="singleTask"
74-->[:unityLibrary] AndroidManifest.xml:74:13-44
75            android:resizeableActivity="false"
75-->[:unityLibrary] AndroidManifest.xml:75:13-47
76            android:screenOrientation="fullUser" >
76-->[:unityLibrary] AndroidManifest.xml:76:13-49
77            <intent-filter>
77-->[:unityLibrary] AndroidManifest.xml:77:13-81:29
78                <category android:name="android.intent.category.LAUNCHER" />
78-->[:unityLibrary] AndroidManifest.xml:78:17-77
78-->[:unityLibrary] AndroidManifest.xml:78:27-74
79
80                <action android:name="android.intent.action.MAIN" />
80-->[:unityLibrary] AndroidManifest.xml:80:17-69
80-->[:unityLibrary] AndroidManifest.xml:80:25-66
81            </intent-filter>
82
83            <meta-data
83-->[:unityLibrary] AndroidManifest.xml:83:13-85:40
84                android:name="notch_support"
84-->[:unityLibrary] AndroidManifest.xml:84:17-45
85                android:value="true" />
85-->[:unityLibrary] AndroidManifest.xml:85:17-37
86        </activity>
87    </application>
88
89</manifest>